<?xml version="1.0" encoding="UTF-8"?>
<!-- Generated by org.testng.reporters.JUnitReportReporter -->
<testsuite skipped="0" hostname="AGI-LT-786" name="Assessment.BlazeTest" tests="1" failures="0" timestamp="2021-10-21T15:42:18 IST" time="32.758" errors="0">
  <testcase name="TS001" time="32.758" classname="Assessment.BlazeTest"/>
  <system-out/>
</testsuite> <!-- Assessment.BlazeTest -->
